<?xml version="1.0" encoding="UTF-8"?>
<robot generator="Robot 6.1.1 (Python 3.11.5 on darwin)" generated="20231010 11:12:48.417" rpa="false" schemaversion="4">
<suite id="s1" name="Training RobotFramework" source="/Users/a667194/Workspace/Knowledge/Automated-Test/Training_RobotFramework">
<suite id="s1-s1" name="SpecialExercise" source="/Users/a667194/Workspace/Knowledge/Automated-Test/Training_RobotFramework/SpecialExercise">
<suite id="s1-s1-s1" name="Serie02" source="/Users/a667194/Workspace/Knowledge/Automated-Test/Training_RobotFramework/SpecialExercise/Serie02">
<suite id="s1-s1-s1-s1" name="HW 6 refact" source="/Users/a667194/Workspace/Knowledge/Automated-Test/Training_RobotFramework/SpecialExercise/Serie02/HW_6_refact">
<suite id="s1-s1-s1-s1-s1" name="Test Suits" source="/Users/a667194/Workspace/Knowledge/Automated-Test/Training_RobotFramework/SpecialExercise/Serie02/HW_6_refact/Test_Suits">
<suite id="s1-s1-s1-s1-s1-s1" name="Poc Central" source="/Users/a667194/Workspace/Knowledge/Automated-Test/Training_RobotFramework/SpecialExercise/Serie02/HW_6_refact/Test_Suits/poc_central.robot">
<kw name="Go to CENTRAL to Shopping" library="Keywords" type="SETUP">
<kw name="Get Environment Variable" library="OperatingSystem">
<var>${HOME}</var>
<arg>HOME</arg>
<doc>Returns the value of an environment variable with the given name.</doc>
<msg timestamp="20231010 11:12:48.611" level="INFO">${HOME} = /Users/a667194</msg>
<status status="PASS" starttime="20231010 11:12:48.611" endtime="20231010 11:12:48.611"/>
</kw>
<kw name="Set Suite Variable" library="BuiltIn">
<arg>${HOME}</arg>
<doc>Makes a variable available everywhere within the scope of the current suite.</doc>
<msg timestamp="20231010 11:12:48.612" level="INFO">${HOME} = /Users/a667194</msg>
<status status="PASS" starttime="20231010 11:12:48.611" endtime="20231010 11:12:48.612"/>
</kw>
<kw name="Open Browser" library="SeleniumLibrary">
<arg>${URL}</arg>
<arg>${BROWSER}</arg>
<arg>options=binary_location="${HOME}${CHROME_PATH}"${CHROME_OPTIONS}${DISABLE_LOCATION}</arg>
<arg>executable_path=${HOME}${CHROME_DRIVER_PATH}</arg>
<doc>Opens a new browser instance to the optional ``url``.</doc>
<msg timestamp="20231010 11:12:48.612" level="INFO">Opening browser 'Chrome' to base url 'https://www.central.co.th/en/'.</msg>
<status status="PASS" starttime="20231010 11:12:48.612" endtime="20231010 11:12:51.764"/>
</kw>
<kw name="Maximize Browser Window" library="SeleniumLibrary">
<doc>Maximizes current browser window.</doc>
<status status="PASS" starttime="20231010 11:12:51.765" endtime="20231010 11:12:52.245"/>
</kw>
<kw name="Run Keyword And Ignore Error" library="BuiltIn">
<arg>Click Element</arg>
<arg>${Ads_Close_btn}</arg>
<doc>Runs the given keyword with the given arguments and ignores possible error.</doc>
<kw name="Click Element" library="SeleniumLibrary">
<arg>${Ads_Close_btn}</arg>
<doc>Click the element identified by ``locator``.</doc>
<msg timestamp="20231010 11:12:52.246" level="INFO">Clicking element '//*[starts-with(@id,'close-button-')]'.</msg>
<status status="PASS" starttime="20231010 11:12:52.246" endtime="20231010 11:12:52.321"/>
</kw>
<status status="PASS" starttime="20231010 11:12:52.245" endtime="20231010 11:12:52.321"/>
</kw>
<status status="PASS" starttime="20231010 11:12:48.611" endtime="20231010 11:12:52.322"/>
</kw>
<test id="s1-s1-s1-s1-s1-s1-t1" name="TC-01_Shopping" line="10">
<doc>add 2 products in to the cart</doc>
<status status="FAIL" starttime="20231010 11:12:52.322" endtime="20231010 11:12:52.323">Test cannot be empty.</status>
</test>
<status status="FAIL" starttime="20231010 11:12:48.438" endtime="20231010 11:12:52.323"/>
</suite>
<status status="FAIL" starttime="20231010 11:12:48.436" endtime="20231010 11:12:52.324"/>
</suite>
<status status="FAIL" starttime="20231010 11:12:48.435" endtime="20231010 11:12:52.325"/>
</suite>
<status status="FAIL" starttime="20231010 11:12:48.434" endtime="20231010 11:12:52.326"/>
</suite>
<status status="FAIL" starttime="20231010 11:12:48.433" endtime="20231010 11:12:52.327"/>
</suite>
<status status="FAIL" starttime="20231010 11:12:48.420" endtime="20231010 11:12:52.328"/>
</suite>
<statistics>
<total>
<stat pass="0" fail="1" skip="0">All Tests</stat>
</total>
<tag>
</tag>
<suite>
<stat pass="0" fail="1" skip="0" id="s1" name="Training RobotFramework">Training RobotFramework</stat>
<stat pass="0" fail="1" skip="0" id="s1-s1" name="SpecialExercise">Training RobotFramework.SpecialExercise</stat>
<stat pass="0" fail="1" skip="0" id="s1-s1-s1" name="Serie02">Training RobotFramework.SpecialExercise.Serie02</stat>
<stat pass="0" fail="1" skip="0" id="s1-s1-s1-s1" name="HW 6 refact">Training RobotFramework.SpecialExercise.Serie02.HW 6 refact</stat>
<stat pass="0" fail="1" skip="0" id="s1-s1-s1-s1-s1" name="Test Suits">Training RobotFramework.SpecialExercise.Serie02.HW 6 refact.Test Suits</stat>
<stat pass="0" fail="1" skip="0" id="s1-s1-s1-s1-s1-s1" name="Poc Central">Training RobotFramework.SpecialExercise.Serie02.HW 6 refact.Test Suits.Poc Central</stat>
</suite>
</statistics>
<errors>
</errors>
</robot>
